<?xml version="1.0" encoding="UTF-8"?>
<testsuite name="com.example.roberko44.fernbedienung.ExampleUnitTest" tests="1" skipped="0" failures="0" errors="0" timestamp="2018-11-20T22:09:39" hostname="ThinkPadL380" time="0.001">
  <properties/>
  <testcase name="addition_isCorrect" classname="com.example.roberko44.fernbedienung.ExampleUnitTest" time="0.001"/>
  <system-out><![CDATA[]]></system-out>
  <system-err><![CDATA[]]></system-err>
</testsuite>
